C:\Users\jlabuschagne\MyLeaveAPP\MyLeaveApp\dist\out-tsc\Leave.model.js
C:\Users\jlabuschagne\MyLeaveAPP\MyLeaveApp\dist\out-tsc\Leave.model.js.map
C:\Users\jlabuschagne\MyLeaveAPP\MyLeaveApp\dist\out-tsc\app\leave-service.service.js
C:\Users\jlabuschagne\MyLeaveAPP\MyLeaveApp\dist\out-tsc\app\leave-service.service.js.map
C:\Users\jlabuschagne\MyLeaveAPP\MyLeaveApp\dist\out-tsc\app\leave-form\leave-form.component.js
C:\Users\jlabuschagne\MyLeaveAPP\MyLeaveApp\dist\out-tsc\app\leave-form\leave-form.component.js.map
C:\Users\jlabuschagne\MyLeaveAPP\MyLeaveApp\dist\out-tsc\app\app-routing.module.js
C:\Users\jlabuschagne\MyLeaveAPP\MyLeaveApp\dist\out-tsc\app\app-routing.module.js.map
C:\Users\jlabuschagne\MyLeaveAPP\MyLeaveApp\dist\out-tsc\app\app.component.js
C:\Users\jlabuschagne\MyLeaveAPP\MyLeaveApp\dist\out-tsc\app\app.component.js.map
C:\Users\jlabuschagne\MyLeaveAPP\MyLeaveApp\dist\out-tsc\app\app.module.js
C:\Users\jlabuschagne\MyLeaveAPP\MyLeaveApp\dist\out-tsc\app\app.module.js.map
C:\Users\jlabuschagne\MyLeaveAPP\MyLeaveApp\dist\out-tsc\environments\environment.js
C:\Users\jlabuschagne\MyLeaveAPP\MyLeaveApp\dist\out-tsc\environments\environment.js.map
C:\Users\jlabuschagne\MyLeaveAPP\MyLeaveApp\dist\out-tsc\main.js
C:\Users\jlabuschagne\MyLeaveAPP\MyLeaveApp\dist\out-tsc\main.js.map
C:\Users\jlabuschagne\MyLeaveAPP\MyLeaveApp\dist\out-tsc\polyfills.js
C:\Users\jlabuschagne\MyLeaveAPP\MyLeaveApp\dist\out-tsc\polyfills.js.map
C:\Users\jlabuschagne\MyLeaveAPP\MyLeaveApp\dist\out-tsc\test.js
C:\Users\jlabuschagne\MyLeaveAPP\MyLeaveApp\dist\out-tsc\test.js.map
C:\Users\jlabuschagne\MyLeaveAPP\MyLeaveApp\dist\out-tsc\app\app.component.spec.js
C:\Users\jlabuschagne\MyLeaveAPP\MyLeaveApp\dist\out-tsc\app\app.component.spec.js.map
C:\Users\jlabuschagne\MyLeaveAPP\MyLeaveApp\dist\out-tsc\app\leave-service.service.spec.js
C:\Users\jlabuschagne\MyLeaveAPP\MyLeaveApp\dist\out-tsc\app\leave-service.service.spec.js.map
C:\Users\jlabuschagne\MyLeaveAPP\MyLeaveApp\dist\out-tsc\app\leave-form\leave-form.component.spec.js
C:\Users\jlabuschagne\MyLeaveAPP\MyLeaveApp\dist\out-tsc\app\leave-form\leave-form.component.spec.js.map
C:\Users\jlabuschagne\MyLeaveAPP\MyLeaveApp\dist\out-tsc\environments\environment.prod.js
C:\Users\jlabuschagne\MyLeaveAPP\MyLeaveApp\dist\out-tsc\environments\environment.prod.js.map
